<?xml version="1.0" encoding="UTF-8"?>
<!-- Generated by org.testng.reporters.JUnitXMLReporter -->
<testsuite ignored="0" hostname="81PK5B3" failures="1" tests="2" name="Test" time="19.99" errors="0" timestamp="24 May 2022 07:27:01 GMT">
  <testcase classname="com.corePyramin.LoginPageTest" name="ValidateLoginSucessfull" time="2.281"/>
  <testcase classname="com.corePyramin.LoginPageTest" name="loginPageTitleTest" time="0.011">
    <failure type="java.lang.AssertionError" message="expected [PyramidCore---Login] but found [PyramidCore-Login]">
      <![CDATA[java.lang.AssertionError: expected [PyramidCore---Login] but found [PyramidCore-Login]
at com.corePyramin.LoginPageTest.loginPageTitleTest(LoginPageTest.java:31)
... Removed 31 stack frames]]>
    </failure>
  </testcase> <!-- loginPageTitleTest -->
</testsuite> <!-- Test -->
