<?xml version="1.0" encoding="UTF-8"?>
<testng-results skipped="0" failed="0" ignored="0" total="2" passed="2">
  <reporter-output>
  </reporter-output>
  <suite name="Suite" duration-ms="18492" started-at="2022-05-20T12:34:57Z" finished-at="2022-05-20T12:35:15Z">
    <groups>
    </groups>
    <test name="Test" duration-ms="18492" started-at="2022-05-20T12:34:57Z" finished-at="2022-05-20T12:35:15Z">
      <class name="com.corePyramin.LoginPageTest">
        <test-method status="PASS" signature="setup()[pri:0, instance:com.corePyramin.LoginPageTest@69997e9d]" name="setup" is-config="true" duration-ms="7859" started-at="2022-05-20T12:34:57Z" finished-at="2022-05-20T12:35:05Z">
          <reporter-output>
          </reporter-output>
        </test-method> <!-- setup -->
        <test-method status="PASS" signature="ValidateLoginSucessfull()[pri:0, instance:com.corePyramin.LoginPageTest@69997e9d]" name="ValidateLoginSucessfull" duration-ms="2091" started-at="2022-05-20T12:35:05Z" finished-at="2022-05-20T12:35:07Z">
          <reporter-output>
          </reporter-output>
        </test-method> <!-- ValidateLoginSucessfull -->
        <test-method status="PASS" signature="teardown()[pri:0, instance:com.corePyramin.LoginPageTest@69997e9d]" name="teardown" is-config="true" duration-ms="1030" started-at="2022-05-20T12:35:07Z" finished-at="2022-05-20T12:35:08Z">
          <reporter-output>
          </reporter-output>
        </test-method> <!-- teardown -->
        <test-method status="PASS" signature="setup()[pri:0, instance:com.corePyramin.LoginPageTest@69997e9d]" name="setup" is-config="true" duration-ms="6640" started-at="2022-05-20T12:35:08Z" finished-at="2022-05-20T12:35:15Z">
          <reporter-output>
          </reporter-output>
        </test-method> <!-- setup -->
        <test-method status="PASS" signature="loginPageTitleTest()[pri:0, instance:com.corePyramin.LoginPageTest@69997e9d]" name="loginPageTitleTest" duration-ms="14" started-at="2022-05-20T12:35:15Z" finished-at="2022-05-20T12:35:15Z">
          <reporter-output>
          </reporter-output>
        </test-method> <!-- loginPageTitleTest -->
        <test-method status="PASS" signature="teardown()[pri:0, instance:com.corePyramin.LoginPageTest@69997e9d]" name="teardown" is-config="true" duration-ms="836" started-at="2022-05-20T12:35:15Z" finished-at="2022-05-20T12:35:15Z">
          <reporter-output>
          </reporter-output>
        </test-method> <!-- teardown -->
      </class> <!-- com.corePyramin.LoginPageTest -->
    </test> <!-- Test -->
  </suite> <!-- Suite -->
</testng-results>
